2025-11-09 15:53:08,835 - DEBUG - Parameters module loaded.
2025-11-09 15:53:58,705 - DEBUG - Parameters module loaded.
2025-11-09 15:53:58,705 - DEBUG - Initial z_positions: [-2.31347763, -1.74620491, -1.51893218, -1.29165945, -1.06438672, -0.837114, -0.60984127, -0.38256854, -0.15529582, 0.07197691, 0.29924964, 0.700052237, -1.8449062, -1.61763348, -1.39036075, -1.16308802, -0.9358153, -0.70854257, -0.48126984, -0.25399711, -0.02672439, 0.20054834, 0.42782107, 0.6550938, -1.71633478, -1.48906205, -1.26178932, -1.03451659, -0.80724387, -0.57997114, -0.35269841, -0.12542569, 0.10184704, 0.32911977, 0.5563925, 0.78366522, -1.58776335, -1.36049062, -1.13321789, -0.90594517, -0.67867244, -0.45139971, -0.22412698, 0.00314574, 0.23041847, 0.4576912, 0.68496392, 0.91223665, -1.45919192, -1.23191919, -1.00464646, -0.77737374, -0.55010101, -0.32282828, -0.09555556, 0.13171717, 0.3589899, 0.58626263, 0.81353535, 1.04080808, -1.33062049, -1.10334776, -0.87607504, -0.64880231, -0.42152958, -0.19425685, 0.03301587, 0.2602886, 0.48756133, 0.71483405, 0.94210678, 1.16937951, -1.20204906, -0.97477633, -0.74750361, -0.52023088, -0.29295815, -0.06568543, 0.1615873, 0.38886003, 0.61613276, 0.84340548, 1.07067821, 1.29795094, -1.47347763, -0.84620491, -0.61893218, -0.39165945, -0.16438672, 0.062886, 0.29015873, 0.51743146, 0.74470418, 0.97197691, 1.19924964, 1.74652237]
2025-11-09 15:53:58,960 - INFO - Initialization successful.
2025-11-09 15:53:58,961 - INFO - Camera now open.
2025-11-09 15:53:58,961 - DEBUG - <libcamera._libcamera.CameraManager object at 0x7fff473ef6f0>
2025-11-09 15:53:59,084 - DEBUG - Requesting configuration: {'use_case': 'preview', 'transform': <libcamera.Transform 'vflip'>, 'colour_space': <libcamera.ColorSpace 'sYCC'>, 'buffer_count': 4, 'queue': True, 'main': {'format': 'YUV420', 'size': (3280, 2464), 'preserve_ar': True, 'stride': 3328, 'framesize': 12300288}, 'lores': None, 'raw': {'format': 'GRBG_PISP_COMP1', 'size': (3280, 2464), 'stride': 3328, 'framesize': 8200192}, 'controls': {'FrameRate': 15, 'ScalerCrop': (0, 0, 3280, 2464)}, 'sensor': {'bit_depth': 10, 'output_size': (3280, 2464)}, 'display': 'main', 'encode': 'main'}
2025-11-09 15:53:59,084 - INFO - Camera configuration has been adjusted!
2025-11-09 15:53:59,084 - INFO - Configuration successful!
2025-11-09 15:53:59,085 - DEBUG - Final configuration: {'use_case': 'preview', 'transform': <libcamera.Transform 'vflip'>, 'colour_space': <libcamera.ColorSpace 'sYCC'>, 'buffer_count': 4, 'queue': True, 'main': {'format': 'YUV420', 'size': (3280, 2464), 'preserve_ar': True, 'stride': 3328, 'framesize': 12300288}, 'lores': None, 'raw': {'format': 'GRBG_PISP_COMP1', 'size': (3280, 2464), 'stride': 3328, 'framesize': 8200192}, 'controls': {'FrameRate': 15, 'ScalerCrop': (0, 0, 3280, 2464)}, 'sensor': {'bit_depth': 10, 'output_size': (3280, 2464)}, 'display': 'main', 'encode': 'main'}
2025-11-09 15:53:59,085 - DEBUG - Streams: {'main': <libcamera._libcamera.Stream object at 0x7fff46858730>, 'lores': None, 'raw': <libcamera._libcamera.Stream object at 0x7fff468591b0>}
2025-11-09 15:53:59,095 - DEBUG - Allocated 4 buffers for stream 0 with fds [61, 64, 67, 70]
2025-11-09 15:53:59,102 - DEBUG - Allocated 4 buffers for stream 1 with fds [73, 76, 79, 82]
2025-11-09 15:53:59,177 - INFO - Camera started
2025-11-09 15:58:44,964 - DEBUG - Parameters module loaded.
2025-11-09 15:58:44,964 - DEBUG - Initialized default z_positions.
2025-11-09 15:58:44,965 - DEBUG - Current z_positions: [-2.31347763, -1.74620491, -1.51893218, -1.29165945, -1.06438672, -0.837114, -0.60984127, -0.38256854, -0.15529582, 0.07197691, 0.29924964, 0.700052237, -1.8449062, -1.61763348, -1.39036075, -1.16308802, -0.9358153, -0.70854257, -0.48126984, -0.25399711, -0.02672439, 0.20054834, 0.42782107, 0.6550938, -1.71633478, -1.48906205, -1.26178932, -1.03451659, -0.80724387, -0.57997114, -0.35269841, -0.12542569, 0.10184704, 0.32911977, 0.5563925, 0.78366522, -1.58776335, -1.36049062, -1.13321789, -0.90594517, -0.67867244, -0.45139971, -0.22412698, 0.00314574, 0.23041847, 0.4576912, 0.68496392, 0.91223665, -1.45919192, -1.23191919, -1.00464646, -0.77737374, -0.55010101, -0.32282828, -0.09555556, 0.13171717, 0.3589899, 0.58626263, 0.81353535, 1.04080808, -1.33062049, -1.10334776, -0.87607504, -0.64880231, -0.42152958, -0.19425685, 0.03301587, 0.2602886, 0.48756133, 0.71483405, 0.94210678, 1.16937951, -1.20204906, -0.97477633, -0.74750361, -0.52023088, -0.29295815, -0.06568543, 0.1615873, 0.38886003, 0.61613276, 0.84340548, 1.07067821, 1.29795094, -1.47347763, -0.84620491, -0.61893218, -0.39165945, -0.16438672, 0.062886, 0.29015873, 0.51743146, 0.74470418, 0.97197691, 1.19924964, 1.74652237]
2025-11-09 15:58:45,226 - INFO - Initialization successful.
2025-11-09 15:58:45,226 - INFO - Camera now open.
2025-11-09 15:58:45,226 - DEBUG - <libcamera._libcamera.CameraManager object at 0x7ffed2f47130>
2025-11-09 15:58:45,361 - DEBUG - Requesting configuration: {'use_case': 'preview', 'transform': <libcamera.Transform 'vflip'>, 'colour_space': <libcamera.ColorSpace 'sYCC'>, 'buffer_count': 4, 'queue': True, 'main': {'format': 'YUV420', 'size': (3280, 2464), 'preserve_ar': True, 'stride': 3328, 'framesize': 12300288}, 'lores': None, 'raw': {'format': 'GRBG_PISP_COMP1', 'size': (3280, 2464), 'stride': 3328, 'framesize': 8200192}, 'controls': {'FrameRate': 15, 'ScalerCrop': (0, 0, 3280, 2464)}, 'sensor': {'bit_depth': 10, 'output_size': (3280, 2464)}, 'display': 'main', 'encode': 'main'}
2025-11-09 15:58:45,361 - INFO - Camera configuration has been adjusted!
2025-11-09 15:58:45,362 - INFO - Configuration successful!
2025-11-09 15:58:45,362 - DEBUG - Final configuration: {'use_case': 'preview', 'transform': <libcamera.Transform 'vflip'>, 'colour_space': <libcamera.ColorSpace 'sYCC'>, 'buffer_count': 4, 'queue': True, 'main': {'format': 'YUV420', 'size': (3280, 2464), 'preserve_ar': True, 'stride': 3328, 'framesize': 12300288}, 'lores': None, 'raw': {'format': 'GRBG_PISP_COMP1', 'size': (3280, 2464), 'stride': 3328, 'framesize': 8200192}, 'controls': {'FrameRate': 15, 'ScalerCrop': (0, 0, 3280, 2464)}, 'sensor': {'bit_depth': 10, 'output_size': (3280, 2464)}, 'display': 'main', 'encode': 'main'}
2025-11-09 15:58:45,362 - DEBUG - Streams: {'main': <libcamera._libcamera.Stream object at 0x7ffed2894db0>, 'lores': None, 'raw': <libcamera._libcamera.Stream object at 0x7ffed2399330>}
2025-11-09 15:58:45,368 - DEBUG - Allocated 4 buffers for stream 0 with fds [61, 64, 67, 70]
2025-11-09 15:58:45,374 - DEBUG - Allocated 4 buffers for stream 1 with fds [73, 76, 79, 82]
2025-11-09 15:58:45,505 - INFO - Camera started
